<?xml version="1.0" encoding="UTF-8"?>
<beans xmlns="http://www.springframework.org/schema/beans" xmlns:xsi="http://www.w3.org/2001/XMLSchema-instance"
    xmlns:context="http://www.springframework.org/schema/context"
    xsi:schemaLocation="http://www.springframework.org/schema/beans
                        http://www.springframework.org/schema/beans/spring-beans.xsd
                        http://www.springframework.org/schema/context
                        http://www.springframework.org/schema/context/spring-context.xsd">

    <description>
        Test context for a client which makes use of the password
        protected WS.
    </description>

    <!-- Properties -->
    <context:property-placeholder
        location="classpath:context/keystore/keystore.properties, classpath:context/client/client.properties, classpath:context/security/signature/xwss/security-signature-xwss.properties, classpath:context/client/signature/xwss/client-signature-xwss.properties, classpath:context/client/signature/xwss/test-client-signature-xwss-to-wss4j.properties" />

    <!-- Imports base context -->
    <import resource="classpath:context/keystore/keystore.xml" />
    <import resource="classpath:context/client/signature/xwss/client-signature-xwss.xml" />

</beans>