<?xml version="1.0" encoding="UTF-8"?>
<beans xmlns="http://www.springframework.org/schema/beans" xmlns:xsi="http://www.w3.org/2001/XMLSchema-instance"
    xmlns:context="http://www.springframework.org/schema/context"
    xsi:schemaLocation="http://www.springframework.org/schema/beans
                        http://www.springframework.org/schema/beans/spring-beans.xsd
                        http://www.springframework.org/schema/context
                        http://www.springframework.org/schema/context/spring-context.xsd">

    <!-- Properties -->
    <context:property-placeholder
        location="classpath:context/test-client-password.properties" />

    <!-- Client -->
    <bean id="client" class="${client.class}">
        <property name="defaultUri" value="${ws.url}" />
        <property name="marshaller" ref="marshaller" />
        <property name="unmarshaller" ref="marshaller" />
        <property name="messageSender" ref="messageSender" />
        <property name="interceptors">
            <list>
                <ref bean="securityInterceptor" />
            </list>
        </property>
    </bean>

    <!-- Marshaller -->
    <bean id="marshaller" class="${marshaller.class}">
        <property name="packagesToScan" value="${marshaller.packagesToScan}" />
    </bean>

    <!-- Message sender -->
    <bean id="messageSender" class="${messageSender.class}" />

    <!-- Security interceptor -->
    <bean id="securityInterceptor"
        class="${interceptor.security.class}">
        <property name="policyConfiguration" value="${security.file.path}" />
        <property name="callbackHandlers">
            <list>
                <ref bean="securityCallbackHandler" />
            </list>
        </property>
    </bean>

    <!-- Security callback handler -->
    <bean id="securityCallbackHandler" class="${callbackhandler.security.class}" />

</beans>