<?xml version="1.0" encoding="UTF-8"?>
<beans xmlns="http://www.springframework.org/schema/beans" xmlns:xsi="http://www.w3.org/2001/XMLSchema-instance"
    xmlns:context="http://www.springframework.org/schema/context"
    xsi:schemaLocation="http://www.springframework.org/schema/beans
                        http://www.springframework.org/schema/beans/spring-beans.xsd
                        http://www.springframework.org/schema/context
                        http://www.springframework.org/schema/context/spring-context.xsd">

    <description>
    Test context for a client which makes use of the password protected WS using
    invalid authentication data.
    </description>

    <!-- Properties -->
    <context:property-placeholder
        location="classpath:context/client/client.properties, classpath:context/security/security-password-plain-xwss.properties, classpath:context/client/xwss/client-password-plain-xwss.properties, classpath:context/client/xwss/test-client-password-plain-xwss-to-wss4j-invalid.properties" />

    <!-- Imports base context -->
    <import resource="classpath:context/client/xwss/client-password-plain-xwss.xml" />

</beans>